# JRE version: Java(TM) SE Runtime Environment (8.0_25-b17) (build 1.8.0_25-b17)
# Java VM: Java HotSpot(TM) 64-Bit Server VM (25.25-b02 mixed mode bsd-amd64 compressed oops)
Heap:
 PSYoungGen      total 670208K, used 285230K [0x0000000795580000, 0x00000007c0000000, 0x00000007c0000000)
  eden space 651776K, 40% used [0x0000000795580000,0x00000007a5a60440,0x00000007bd200000)
  from space 18432K, 98% used [0x00000007bd200000,0x00000007be3ab4f8,0x00000007be400000)
  to   space 25088K, 0% used [0x00000007be780000,0x00000007be780000,0x00000007c0000000)
 ParOldGen       total 124416K, used 67537K [0x0000000740000000, 0x0000000747980000, 0x0000000795580000)
  object space 124416K, 54% used [0x0000000740000000,0x00000007441f47c8,0x0000000747980000)
 Metaspace       used 16634K, capacity 17168K, committed 17280K, reserved 1064960K
  class space    used 2266K, capacity 2420K, committed 2432K, reserved 1048576K
GC Heap History (10 events):
Event: 53.459 GC heap before
{Heap before GC invocations=18 (full 1):
 PSYoungGen      total 657920K, used 653204K [0x0000000795580000, 0x00000007bf580000, 0x00000007c0000000)
  eden space 643072K, 100% used [0x0000000795580000,0x00000007bc980000,0x00000007bc980000)
  from space 14848K, 68% used [0x00000007be700000,0x00000007bf0e5288,0x00000007bf580000)
  to   space 22528K, 0% used [0x00000007bc980000,0x00000007bc980000,0x00000007bdf80000)
 ParOldGen       total 124416K, used 64409K [0x0000000740000000, 0x0000000747980000, 0x0000000795580000)
  object space 124416K, 51% used [0x0000000740000000,0x0000000743ee6540,0x0000000747980000)
 Metaspace       used 16571K, capacity 17072K, committed 17280K, reserved 1064960K
  class space    used 2265K, capacity 2388K, committed 2432K, reserved 1048576K
Event: 53.480 GC heap after
Heap after GC invocations=18 (full 1):
 PSYoungGen      total 665600K, used 11036K [0x0000000795580000, 0x00000007c0000000, 0x00000007c0000000)
  eden space 643072K, 0% used [0x0000000795580000,0x0000000795580000,0x00000007bc980000)
  from space 22528K, 48% used [0x00000007bc980000,0x00000007bd447288,0x00000007bdf80000)
  to   space 22016K, 0% used [0x00000007bea80000,0x00000007bea80000,0x00000007c0000000)
 ParOldGen       total 124416K, used 64409K [0x0000000740000000, 0x0000000747980000, 0x0000000795580000)
  object space 124416K, 51% used [0x0000000740000000,0x0000000743ee6540,0x0000000747980000)
 Metaspace       used 16571K, capacity 17072K, committed 17280K, reserved 1064960K
  class space    used 2265K, capacity 2388K, committed 2432K, reserved 1048576K
}
Event: 60.377 GC heap before
{Heap before GC invocations=19 (full 1):
 PSYoungGen      total 665600K, used 654108K [0x0000000795580000, 0x00000007c0000000, 0x00000007c0000000)
  eden space 643072K, 100% used [0x0000000795580000,0x00000007bc980000,0x00000007bc980000)
  from space 22528K, 48% used [0x00000007bc980000,0x00000007bd447288,0x00000007bdf80000)
  to   space 22016K, 0% used [0x00000007bea80000,0x00000007bea80000,0x00000007c0000000)
 ParOldGen       total 124416K, used 64868K [0x0000000740000000, 0x0000000747980000, 0x0000000795580000)
  object space 124416K, 52% used [0x0000000740000000,0x0000000743f591a8,0x0000000747980000)
 Metaspace       used 16573K, capacity 17072K, committed 17280K, reserved 1064960K
  class space    used 2265K, capacity 2388K, committed 2432K, reserved 1048576K
Event: 60.404 GC heap after
Heap after GC invocations=19 (full 1):
 PSYoungGen      total 675840K, used 12801K [0x0000000795580000, 0x00000007bff80000, 0x00000007c0000000)
  eden space 654336K, 0% used [0x0000000795580000,0x0000000795580000,0x00000007bd480000)
  from space 21504K, 59% used [0x00000007bea80000,0x00000007bf7005e8,0x00000007bff80000)
  to   space 22016K, 0% used [0x00000007bd480000,0x00000007bd480000,0x00000007bea00000)
 ParOldGen       total 124416K, used 64868K [0x0000000740000000, 0x0000000747980000, 0x0000000795580000)
  object space 124416K, 52% used [0x0000000740000000,0x0000000743f591a8,0x0000000747980000)
 Metaspace       used 16573K, capacity 17072K, committed 17280K, reserved 1064960K
  class space    used 2265K, capacity 2388K, committed 2432K, reserved 1048576K
}
Event: 67.245 GC heap before
{Heap before GC invocations=20 (full 1):
 PSYoungGen      total 675840K, used 667137K [0x0000000795580000, 0x00000007bff80000, 0x00000007c0000000)
  eden space 654336K, 100% used [0x0000000795580000,0x00000007bd480000,0x00000007bd480000)
  from space 21504K, 59% used [0x00000007bea80000,0x00000007bf7005e8,0x00000007bff80000)
  to   space 22016K, 0% used [0x00000007bd480000,0x00000007bd480000,0x00000007bea00000)
 ParOldGen       total 124416K, used 67338K [0x0000000740000000, 0x0000000747980000, 0x0000000795580000)
  object space 124416K, 54% used [0x0000000740000000,0x00000007441c2870,0x0000000747980000)
 Metaspace       used 16606K, capacity 17072K, committed 17280K, reserved 1064960K
  class space    used 2265K, capacity 2388K, committed 2432K, reserved 1048576K
Event: 67.270 GC heap after
Heap after GC invocations=20 (full 1):
 PSYoungGen      total 676352K, used 14593K [0x0000000795580000, 0x00000007c0000000, 0x00000007c0000000)
  eden space 654336K, 0% used [0x0000000795580000,0x0000000795580000,0x00000007bd480000)
  from space 22016K, 66% used [0x00000007bd480000,0x00000007be2c0690,0x00000007bea00000)
  to   space 22528K, 0% used [0x00000007bea00000,0x00000007bea00000,0x00000007c0000000)
 ParOldGen       total 124416K, used 67338K [0x0000000740000000, 0x0000000747980000, 0x0000000795580000)
  object space 124416K, 54% used [0x0000000740000000,0x00000007441c2870,0x0000000747980000)
 Metaspace       used 16606K, capacity 17072K, committed 17280K, reserved 1064960K
  class space    used 2265K, capacity 2388K, committed 2432K, reserved 1048576K
}
Event: 74.108 GC heap before
{Heap before GC invocations=21 (full 1):
 PSYoungGen      total 676352K, used 668929K [0x0000000795580000, 0x00000007c0000000, 0x00000007c0000000)
  eden space 654336K, 100% used [0x0000000795580000,0x00000007bd480000,0x00000007bd480000)
  from space 22016K, 66% used [0x00000007bd480000,0x00000007be2c0690,0x00000007bea00000)
  to   space 22528K, 0% used [0x00000007bea00000,0x00000007bea00000,0x00000007c0000000)
 ParOldGen       total 124416K, used 67480K [0x0000000740000000, 0x0000000747980000, 0x0000000795580000)
  object space 124416K, 54% used [0x0000000740000000,0x00000007441e6218,0x0000000747980000)
 Metaspace       used 16621K, capacity 17136K, committed 17280K, reserved 1064960K
  class space    used 2265K, capacity 2388K, committed 2432K, reserved 1048576K
Event: 74.127 GC heap after
Heap after GC invocations=21 (full 1):
 PSYoungGen      total 674304K, used 16515K [0x0000000795580000, 0x00000007c0000000, 0x00000007c0000000)
  eden space 651776K, 0% used [0x0000000795580000,0x0000000795580000,0x00000007bd200000)
  from space 22528K, 73% used [0x00000007bea00000,0x00000007bfa20d90,0x00000007c0000000)
  to   space 23552K, 0% used [0x00000007bd200000,0x00000007bd200000,0x00000007be900000)
 ParOldGen       total 124416K, used 67480K [0x0000000740000000, 0x0000000747980000, 0x0000000795580000)
  object space 124416K, 54% used [0x0000000740000000,0x00000007441e6218,0x0000000747980000)
 Metaspace       used 16621K, capacity 17136K, committed 17280K, reserved 1064960K
  class space    used 2265K, capacity 2388K, committed 2432K, reserved 1048576K
}
Event: 81.199 GC heap before
{Heap before GC invocations=22 (full 1):
 PSYoungGen      total 674304K, used 668291K [0x0000000795580000, 0x00000007c0000000, 0x00000007c0000000)
  eden space 651776K, 100% used [0x0000000795580000,0x00000007bd200000,0x00000007bd200000)
  from space 22528K, 73% used [0x00000007bea00000,0x00000007bfa20d90,0x00000007c0000000)
  to   space 23552K, 0% used [0x00000007bd200000,0x00000007bd200000,0x00000007be900000)
 ParOldGen       total 124416K, used 67537K [0x0000000740000000, 0x0000000747980000, 0x0000000795580000)
  object space 124416K, 54% used [0x0000000740000000,0x00000007441f47c8,0x0000000747980000)
 Metaspace       used 16621K, capacity 17136K, committed 17280K, reserved 1064960K
  class space    used 2265K, capacity 2388K, committed 2432K, reserved 1048576K
Event: 81.219 GC heap after
Heap after GC invocations=22 (full 1):
 PSYoungGen      total 670208K, used 18093K [0x0000000795580000, 0x00000007c0000000, 0x00000007c0000000)
  eden space 651776K, 0% used [0x0000000795580000,0x0000000795580000,0x00000007bd200000)
  from space 18432K, 98% used [0x00000007bd200000,0x00000007be3ab4f8,0x00000007be400000)
  to   space 25088K, 0% used [0x00000007be780000,0x00000007be780000,0x00000007c0000000)
 ParOldGen       total 124416K, used 67537K [0x0000000740000000, 0x0000000747980000, 0x0000000795580000)
  object space 124416K, 54% used [0x0000000740000000,0x00000007441f47c8,0x0000000747980000)
 Metaspace       used 16621K, capacity 17136K, committed 17280K, reserved 1064960K
  class space    used 2265K, capacity 2388K, committed 2432K, reserved 1048576K
}

